2026-03-13 21:52:13,058 - aqt.helper - DEBUG - helper 133917965885440 Attempt to download checksum at https://download.qt.io/online/qtsdkrepository/linux_x64/desktop/qt6_642/Updates.xml.sha256
2026-03-13 21:52:18,124 - aqt.main - INFO - installer 132380943265792 aqtinstall(aqt) v3.3.0 on Python 3.10.12 [CPython GCC 11.4.0]
2026-03-13 21:52:18,124 - aqt.helper - DEBUG - helper 132380943265792 Attempt to download checksum at https://download.qt.io/online/qtsdkrepository/linux_x64/desktop/qt6_642/Updates.xml.sha256
2026-03-13 21:52:18,843 - aqt.helper - DEBUG - helper 131164000964608 Attempt to download checksum at https://download.qt.io/online/qtsdkrepository/linux_x64/desktop/qt6_642/qt.qt6.642.addons.qtcharts.gcc_64/6.4.2-0-202212131055qtcharts-Linux-RHEL_8_4-GCC-Linux-RHEL_8_4-X86_64.7z.sha256
2026-03-13 21:52:18,843 - aqt.helper - DEBUG - helper 138284649721856 Attempt to download checksum at https://download.qt.io/online/qtsdkrepository/linux_x64/desktop/qt6_642/qt.qt6.642.gcc_64/6.4.2-0-202212131055qtbase-Linux-RHEL_8_4-GCC-Linux-RHEL_8_4-X86_64.7z.sha256
2026-03-13 21:52:18,844 - aqt.helper - DEBUG - helper 129186363760640 Attempt to download checksum at https://download.qt.io/online/qtsdkrepository/linux_x64/desktop/qt6_642/qt.qt6.642.gcc_64/6.4.2-0-202212131055qtsvg-Linux-RHEL_8_4-GCC-Linux-RHEL_8_4-X86_64.7z.sha256
2026-03-13 21:52:18,858 - aqt.helper - DEBUG - helper 139869546053632 Attempt to download checksum at https://download.qt.io/online/qtsdkrepository/linux_x64/desktop/qt6_642/qt.qt6.642.gcc_64/6.4.2-0-202212131055qtdeclarative-Linux-RHEL_8_4-GCC-Linux-RHEL_8_4-X86_64.7z.sha256
2026-03-13 21:52:19,070 - aqt.helper - INFO - helper 131164000964608 Downloading qtcharts...
2026-03-13 21:52:19,070 - aqt.installer - DEBUG - installer 131164000964608 Download URL: https://download.qt.io/online/qtsdkrepository/linux_x64/desktop/qt6_642/qt.qt6.642.addons.qtcharts.gcc_64/6.4.2-0-202212131055qtcharts-Linux-RHEL_8_4-GCC-Linux-RHEL_8_4-X86_64.7z
2026-03-13 21:52:19,073 - aqt.helper - INFO - helper 138284649721856 Downloading qtbase...
2026-03-13 21:52:19,073 - aqt.helper - INFO - helper 129186363760640 Downloading qtsvg...
2026-03-13 21:52:19,073 - aqt.installer - DEBUG - installer 138284649721856 Download URL: https://download.qt.io/online/qtsdkrepository/linux_x64/desktop/qt6_642/qt.qt6.642.gcc_64/6.4.2-0-202212131055qtbase-Linux-RHEL_8_4-GCC-Linux-RHEL_8_4-X86_64.7z
2026-03-13 21:52:19,074 - aqt.installer - DEBUG - installer 129186363760640 Download URL: https://download.qt.io/online/qtsdkrepository/linux_x64/desktop/qt6_642/qt.qt6.642.gcc_64/6.4.2-0-202212131055qtsvg-Linux-RHEL_8_4-GCC-Linux-RHEL_8_4-X86_64.7z
2026-03-13 21:52:19,087 - aqt.helper - INFO - helper 139869546053632 Downloading qtdeclarative...
2026-03-13 21:52:19,087 - aqt.installer - DEBUG - installer 139869546053632 Download URL: https://download.qt.io/online/qtsdkrepository/linux_x64/desktop/qt6_642/qt.qt6.642.gcc_64/6.4.2-0-202212131055qtdeclarative-Linux-RHEL_8_4-GCC-Linux-RHEL_8_4-X86_64.7z
2026-03-13 21:52:19,300 - aqt.helper - DEBUG - helper 138284649721856 Asked to redirect(302) to: https://mirrors.20i.com/pub/qt.io/online/qtsdkrepository/linux_x64/desktop/qt6_642/qt.qt6.642.gcc_64/6.4.2-0-202212131055qtbase-Linux-RHEL_8_4-GCC-Linux-RHEL_8_4-X86_64.7z
2026-03-13 21:52:19,300 - aqt.helper - INFO - helper 138284649721856 Redirected: mirrors.20i.com
2026-03-13 21:52:19,302 - aqt.helper - DEBUG - helper 129186363760640 Asked to redirect(302) to: https://mirrors.20i.com/pub/qt.io/online/qtsdkrepository/linux_x64/desktop/qt6_642/qt.qt6.642.gcc_64/6.4.2-0-202212131055qtsvg-Linux-RHEL_8_4-GCC-Linux-RHEL_8_4-X86_64.7z
2026-03-13 21:52:19,302 - aqt.helper - DEBUG - helper 131164000964608 Asked to redirect(302) to: https://mirrors.20i.com/pub/qt.io/online/qtsdkrepository/linux_x64/desktop/qt6_642/qt.qt6.642.addons.qtcharts.gcc_64/6.4.2-0-202212131055qtcharts-Linux-RHEL_8_4-GCC-Linux-RHEL_8_4-X86_64.7z
2026-03-13 21:52:19,302 - aqt.helper - INFO - helper 129186363760640 Redirected: mirrors.20i.com
2026-03-13 21:52:19,302 - aqt.helper - INFO - helper 131164000964608 Redirected: mirrors.20i.com
2026-03-13 21:52:19,321 - aqt.helper - DEBUG - helper 139869546053632 Asked to redirect(302) to: https://mirrors.20i.com/pub/qt.io/online/qtsdkrepository/linux_x64/desktop/qt6_642/qt.qt6.642.gcc_64/6.4.2-0-202212131055qtdeclarative-Linux-RHEL_8_4-GCC-Linux-RHEL_8_4-X86_64.7z
2026-03-13 21:52:19,321 - aqt.helper - INFO - helper 139869546053632 Redirected: mirrors.20i.com
2026-03-13 21:52:19,631 - aqt.installer - INFO - installer 129186363760640 Finished installation of qtsvg-Linux-RHEL_8_4-GCC-Linux-RHEL_8_4-X86_64.7z in 0.78823120
2026-03-13 21:52:19,638 - aqt.helper - DEBUG - helper 129186363760640 Attempt to download checksum at https://download.qt.io/online/qtsdkrepository/linux_x64/desktop/qt6_642/qt.qt6.642.gcc_64/6.4.2-0-202212131055qttools-Linux-RHEL_8_4-GCC-Linux-RHEL_8_4-X86_64.7z.sha256
2026-03-13 21:52:19,850 - aqt.installer - INFO - installer 131164000964608 Finished installation of qtcharts-Linux-RHEL_8_4-GCC-Linux-RHEL_8_4-X86_64.7z in 1.00890080
2026-03-13 21:52:19,857 - aqt.helper - DEBUG - helper 131164000964608 Attempt to download checksum at https://download.qt.io/online/qtsdkrepository/linux_x64/desktop/qt6_642/qt.qt6.642.gcc_64/6.4.2-0-202212131055qttranslations-Linux-RHEL_8_4-GCC-Linux-RHEL_8_4-X86_64.7z.sha256
2026-03-13 21:52:19,867 - aqt.helper - INFO - helper 129186363760640 Downloading qttools...
2026-03-13 21:52:19,867 - aqt.installer - DEBUG - installer 129186363760640 Download URL: https://download.qt.io/online/qtsdkrepository/linux_x64/desktop/qt6_642/qt.qt6.642.gcc_64/6.4.2-0-202212131055qttools-Linux-RHEL_8_4-GCC-Linux-RHEL_8_4-X86_64.7z
2026-03-13 21:52:20,101 - aqt.helper - INFO - helper 131164000964608 Downloading qttranslations...
2026-03-13 21:52:20,102 - aqt.installer - DEBUG - installer 131164000964608 Download URL: https://download.qt.io/online/qtsdkrepository/linux_x64/desktop/qt6_642/qt.qt6.642.gcc_64/6.4.2-0-202212131055qttranslations-Linux-RHEL_8_4-GCC-Linux-RHEL_8_4-X86_64.7z
2026-03-13 21:52:20,116 - aqt.helper - DEBUG - helper 129186363760640 Asked to redirect(302) to: https://mirrors.20i.com/pub/qt.io/online/qtsdkrepository/linux_x64/desktop/qt6_642/qt.qt6.642.gcc_64/6.4.2-0-202212131055qttools-Linux-RHEL_8_4-GCC-Linux-RHEL_8_4-X86_64.7z
2026-03-13 21:52:20,116 - aqt.helper - INFO - helper 129186363760640 Redirected: mirrors.20i.com
2026-03-13 21:52:20,345 - aqt.helper - DEBUG - helper 131164000964608 Asked to redirect(302) to: https://mirrors.20i.com/pub/qt.io/online/qtsdkrepository/linux_x64/desktop/qt6_642/qt.qt6.642.gcc_64/6.4.2-0-202212131055qttranslations-Linux-RHEL_8_4-GCC-Linux-RHEL_8_4-X86_64.7z
2026-03-13 21:52:20,346 - aqt.helper - INFO - helper 131164000964608 Redirected: mirrors.20i.com
2026-03-13 21:52:21,200 - aqt.installer - INFO - installer 131164000964608 Finished installation of qttranslations-Linux-RHEL_8_4-GCC-Linux-RHEL_8_4-X86_64.7z in 1.34421728
2026-03-13 21:52:21,207 - aqt.helper - DEBUG - helper 131164000964608 Attempt to download checksum at https://download.qt.io/online/qtsdkrepository/linux_x64/desktop/qt6_642/qt.qt6.642.gcc_64/6.4.2-0-202212131055qtwayland-Linux-RHEL_8_4-GCC-Linux-RHEL_8_4-X86_64.7z.sha256
2026-03-13 21:52:21,493 - aqt.helper - INFO - helper 131164000964608 Downloading qtwayland...
2026-03-13 21:52:21,493 - aqt.installer - DEBUG - installer 131164000964608 Download URL: https://download.qt.io/online/qtsdkrepository/linux_x64/desktop/qt6_642/qt.qt6.642.gcc_64/6.4.2-0-202212131055qtwayland-Linux-RHEL_8_4-GCC-Linux-RHEL_8_4-X86_64.7z
2026-03-13 21:52:21,717 - aqt.helper - DEBUG - helper 131164000964608 Asked to redirect(302) to: https://mirrors.20i.com/pub/qt.io/online/qtsdkrepository/linux_x64/desktop/qt6_642/qt.qt6.642.gcc_64/6.4.2-0-202212131055qtwayland-Linux-RHEL_8_4-GCC-Linux-RHEL_8_4-X86_64.7z
2026-03-13 21:52:21,717 - aqt.helper - INFO - helper 131164000964608 Redirected: mirrors.20i.com
2026-03-13 21:52:22,115 - aqt.installer - INFO - installer 131164000964608 Finished installation of qtwayland-Linux-RHEL_8_4-GCC-Linux-RHEL_8_4-X86_64.7z in 0.90901535
2026-03-13 21:52:22,122 - aqt.helper - DEBUG - helper 131164000964608 Attempt to download checksum at https://download.qt.io/online/qtsdkrepository/linux_x64/desktop/qt6_642/qt.qt6.642.gcc_64/6.4.2-0-202212131055icu-linux-Rhel7.2-x64.7z.sha256
2026-03-13 21:52:22,233 - aqt.installer - INFO - installer 138284649721856 Finished installation of qtbase-Linux-RHEL_8_4-GCC-Linux-RHEL_8_4-X86_64.7z in 3.39197427
2026-03-13 21:52:22,358 - aqt.helper - INFO - helper 131164000964608 Downloading icu...
2026-03-13 21:52:22,358 - aqt.installer - DEBUG - installer 131164000964608 Download URL: https://download.qt.io/online/qtsdkrepository/linux_x64/desktop/qt6_642/qt.qt6.642.gcc_64/6.4.2-0-202212131055icu-linux-Rhel7.2-x64.7z
2026-03-13 21:52:22,623 - aqt.helper - DEBUG - helper 131164000964608 Asked to redirect(302) to: https://mirrors.20i.com/pub/qt.io/online/qtsdkrepository/linux_x64/desktop/qt6_642/qt.qt6.642.gcc_64/6.4.2-0-202212131055icu-linux-Rhel7.2-x64.7z
2026-03-13 21:52:22,623 - aqt.helper - INFO - helper 131164000964608 Redirected: mirrors.20i.com
2026-03-13 21:52:24,107 - aqt.installer - INFO - installer 131164000964608 Finished installation of icu-linux-Rhel7.2-x64.7z in 1.98599770
2026-03-13 21:52:24,249 - aqt.installer - INFO - installer 129186363760640 Finished installation of qttools-Linux-RHEL_8_4-GCC-Linux-RHEL_8_4-X86_64.7z in 4.61165251
2026-03-13 21:52:25,001 - aqt.installer - INFO - installer 139869546053632 Finished installation of qtdeclarative-Linux-RHEL_8_4-GCC-Linux-RHEL_8_4-X86_64.7z in 6.14389276
2026-03-13 21:52:25,053 - aqt.updater - INFO - updater 132380943265792 Patching /home/davide/.local/qt/6.4.2/gcc_64/bin/qmake
2026-03-13 21:52:25,055 - aqt.updater - INFO - updater 132380943265792 Patching /home/davide/.local/qt/6.4.2/gcc_64/lib/pkgconfig/Qt6PrintSupport.pc
2026-03-13 21:52:25,055 - aqt.updater - INFO - updater 132380943265792 Patching /home/davide/.local/qt/6.4.2/gcc_64/lib/pkgconfig/Qt6Qml.pc
2026-03-13 21:52:25,056 - aqt.updater - INFO - updater 132380943265792 Patching /home/davide/.local/qt/6.4.2/gcc_64/lib/pkgconfig/Qt6Network.pc
2026-03-13 21:52:25,056 - aqt.updater - INFO - updater 132380943265792 Patching /home/davide/.local/qt/6.4.2/gcc_64/lib/pkgconfig/Qt6QuickWidgets.pc
2026-03-13 21:52:25,056 - aqt.updater - INFO - updater 132380943265792 Patching /home/davide/.local/qt/6.4.2/gcc_64/lib/pkgconfig/Qt6LabsFolderListModel.pc
2026-03-13 21:52:25,056 - aqt.updater - INFO - updater 132380943265792 Patching /home/davide/.local/qt/6.4.2/gcc_64/lib/pkgconfig/Qt6Test.pc
2026-03-13 21:52:25,056 - aqt.updater - INFO - updater 132380943265792 Patching /home/davide/.local/qt/6.4.2/gcc_64/lib/pkgconfig/Qt6Charts.pc
2026-03-13 21:52:25,056 - aqt.updater - INFO - updater 132380943265792 Patching /home/davide/.local/qt/6.4.2/gcc_64/lib/pkgconfig/Qt6Designer.pc
2026-03-13 21:52:25,056 - aqt.updater - INFO - updater 132380943265792 Patching /home/davide/.local/qt/6.4.2/gcc_64/lib/pkgconfig/Qt6QuickDialogs2Utils.pc
2026-03-13 21:52:25,056 - aqt.updater - INFO - updater 132380943265792 Patching /home/davide/.local/qt/6.4.2/gcc_64/lib/pkgconfig/Qt6UiTools.pc
2026-03-13 21:52:25,056 - aqt.updater - INFO - updater 132380943265792 Patching /home/davide/.local/qt/6.4.2/gcc_64/lib/pkgconfig/Qt6OpenGLWidgets.pc
2026-03-13 21:52:25,056 - aqt.updater - INFO - updater 132380943265792 Patching /home/davide/.local/qt/6.4.2/gcc_64/lib/pkgconfig/Qt6QmlLocalStorage.pc
2026-03-13 21:52:25,056 - aqt.updater - INFO - updater 132380943265792 Patching /home/davide/.local/qt/6.4.2/gcc_64/lib/pkgconfig/Qt63DLogic.pc
2026-03-13 21:52:25,056 - aqt.updater - INFO - updater 132380943265792 Patching /home/davide/.local/qt/6.4.2/gcc_64/lib/pkgconfig/Qt63DQuickAnimation.pc
2026-03-13 21:52:25,056 - aqt.updater - INFO - updater 132380943265792 Patching /home/davide/.local/qt/6.4.2/gcc_64/lib/pkgconfig/Qt6QuickTest.pc
2026-03-13 21:52:25,056 - aqt.updater - INFO - updater 132380943265792 Patching /home/davide/.local/qt/6.4.2/gcc_64/lib/pkgconfig/Qt63DExtras.pc
2026-03-13 21:52:25,057 - aqt.updater - INFO - updater 132380943265792 Patching /home/davide/.local/qt/6.4.2/gcc_64/lib/pkgconfig/Qt63DQuickRender.pc
2026-03-13 21:52:25,057 - aqt.updater - INFO - updater 132380943265792 Patching /home/davide/.local/qt/6.4.2/gcc_64/lib/pkgconfig/Qt6QmlWorkerScript.pc
2026-03-13 21:52:25,057 - aqt.updater - INFO - updater 132380943265792 Patching /home/davide/.local/qt/6.4.2/gcc_64/lib/pkgconfig/Qt6WaylandClient.pc
2026-03-13 21:52:25,057 - aqt.updater - INFO - updater 132380943265792 Patching /home/davide/.local/qt/6.4.2/gcc_64/lib/pkgconfig/Qt6OpenGL.pc
2026-03-13 21:52:25,057 - aqt.updater - INFO - updater 132380943265792 Patching /home/davide/.local/qt/6.4.2/gcc_64/lib/pkgconfig/Qt63DRender.pc
2026-03-13 21:52:25,057 - aqt.updater - INFO - updater 132380943265792 Patching /home/davide/.local/qt/6.4.2/gcc_64/lib/pkgconfig/Qt6LabsQmlModels.pc
2026-03-13 21:52:25,057 - aqt.updater - INFO - updater 132380943265792 Patching /home/davide/.local/qt/6.4.2/gcc_64/lib/pkgconfig/Qt63DQuickExtras.pc
2026-03-13 21:52:25,057 - aqt.updater - INFO - updater 132380943265792 Patching /home/davide/.local/qt/6.4.2/gcc_64/lib/pkgconfig/Qt6Core.pc
2026-03-13 21:52:25,057 - aqt.updater - INFO - updater 132380943265792 Patching /home/davide/.local/qt/6.4.2/gcc_64/lib/pkgconfig/Qt63DQuickScene2D.pc
2026-03-13 21:52:25,057 - aqt.updater - INFO - updater 132380943265792 Patching /home/davide/.local/qt/6.4.2/gcc_64/lib/pkgconfig/Qt6UiPlugin.pc
2026-03-13 21:52:25,057 - aqt.updater - INFO - updater 132380943265792 Patching /home/davide/.local/qt/6.4.2/gcc_64/lib/pkgconfig/Qt6LabsSettings.pc
2026-03-13 21:52:25,057 - aqt.updater - INFO - updater 132380943265792 Patching /home/davide/.local/qt/6.4.2/gcc_64/lib/pkgconfig/Qt6QuickTemplates2.pc
2026-03-13 21:52:25,057 - aqt.updater - INFO - updater 132380943265792 Patching /home/davide/.local/qt/6.4.2/gcc_64/lib/pkgconfig/Qt63DCore.pc
2026-03-13 21:52:25,058 - aqt.updater - INFO - updater 132380943265792 Patching /home/davide/.local/qt/6.4.2/gcc_64/lib/pkgconfig/Qt6QuickControls2.pc
2026-03-13 21:52:25,058 - aqt.updater - INFO - updater 132380943265792 Patching /home/davide/.local/qt/6.4.2/gcc_64/lib/pkgconfig/Qt6SvgWidgets.pc
2026-03-13 21:52:25,058 - aqt.updater - INFO - updater 132380943265792 Patching /home/davide/.local/qt/6.4.2/gcc_64/lib/pkgconfig/Qt6LabsSharedImage.pc
2026-03-13 21:52:25,058 - aqt.updater - INFO - updater 132380943265792 Patching /home/davide/.local/qt/6.4.2/gcc_64/lib/pkgconfig/Qt6LabsAnimation.pc
2026-03-13 21:52:25,058 - aqt.updater - INFO - updater 132380943265792 Patching /home/davide/.local/qt/6.4.2/gcc_64/lib/pkgconfig/Qt6QuickDialogs2.pc
2026-03-13 21:52:25,058 - aqt.updater - INFO - updater 132380943265792 Patching /home/davide/.local/qt/6.4.2/gcc_64/lib/pkgconfig/Qt6Xml.pc
2026-03-13 21:52:25,058 - aqt.updater - INFO - updater 132380943265792 Patching /home/davide/.local/qt/6.4.2/gcc_64/lib/pkgconfig/Qt6Gui.pc
2026-03-13 21:52:25,058 - aqt.updater - INFO - updater 132380943265792 Patching /home/davide/.local/qt/6.4.2/gcc_64/lib/pkgconfig/Qt6QuickLayouts.pc
2026-03-13 21:52:25,058 - aqt.updater - INFO - updater 132380943265792 Patching /home/davide/.local/qt/6.4.2/gcc_64/lib/pkgconfig/Qt6Widgets.pc
2026-03-13 21:52:25,058 - aqt.updater - INFO - updater 132380943265792 Patching /home/davide/.local/qt/6.4.2/gcc_64/lib/pkgconfig/Qt6QuickDialogs2QuickImpl.pc
2026-03-13 21:52:25,058 - aqt.updater - INFO - updater 132380943265792 Patching /home/davide/.local/qt/6.4.2/gcc_64/lib/pkgconfig/Qt6Quick.pc
2026-03-13 21:52:25,058 - aqt.updater - INFO - updater 132380943265792 Patching /home/davide/.local/qt/6.4.2/gcc_64/lib/pkgconfig/Qt63DInput.pc
2026-03-13 21:52:25,058 - aqt.updater - INFO - updater 132380943265792 Patching /home/davide/.local/qt/6.4.2/gcc_64/lib/pkgconfig/Qt63DQuickInput.pc
2026-03-13 21:52:25,058 - aqt.updater - INFO - updater 132380943265792 Patching /home/davide/.local/qt/6.4.2/gcc_64/lib/pkgconfig/Qt6QmlModels.pc
2026-03-13 21:52:25,058 - aqt.updater - INFO - updater 132380943265792 Patching /home/davide/.local/qt/6.4.2/gcc_64/lib/pkgconfig/Qt6DBus.pc
2026-03-13 21:52:25,058 - aqt.updater - INFO - updater 132380943265792 Patching /home/davide/.local/qt/6.4.2/gcc_64/lib/pkgconfig/Qt6Concurrent.pc
2026-03-13 21:52:25,059 - aqt.updater - INFO - updater 132380943265792 Patching /home/davide/.local/qt/6.4.2/gcc_64/lib/pkgconfig/Qt63DAnimation.pc
2026-03-13 21:52:25,059 - aqt.updater - INFO - updater 132380943265792 Patching /home/davide/.local/qt/6.4.2/gcc_64/lib/pkgconfig/Qt6ChartsQml.pc
2026-03-13 21:52:25,059 - aqt.updater - INFO - updater 132380943265792 Patching /home/davide/.local/qt/6.4.2/gcc_64/lib/pkgconfig/Qt6QmlIntegration.pc
2026-03-13 21:52:25,059 - aqt.updater - INFO - updater 132380943265792 Patching /home/davide/.local/qt/6.4.2/gcc_64/lib/pkgconfig/Qt6Svg.pc
2026-03-13 21:52:25,059 - aqt.updater - INFO - updater 132380943265792 Patching /home/davide/.local/qt/6.4.2/gcc_64/lib/pkgconfig/Qt6LabsWavefrontMesh.pc
2026-03-13 21:52:25,059 - aqt.updater - INFO - updater 132380943265792 Patching /home/davide/.local/qt/6.4.2/gcc_64/lib/pkgconfig/Qt6Platform.pc
2026-03-13 21:52:25,059 - aqt.updater - INFO - updater 132380943265792 Patching /home/davide/.local/qt/6.4.2/gcc_64/lib/pkgconfig/Qt6QuickControls2Impl.pc
2026-03-13 21:52:25,059 - aqt.updater - INFO - updater 132380943265792 Patching /home/davide/.local/qt/6.4.2/gcc_64/lib/pkgconfig/Qt6Sql.pc
2026-03-13 21:52:25,059 - aqt.updater - INFO - updater 132380943265792 Patching /home/davide/.local/qt/6.4.2/gcc_64/lib/pkgconfig/Qt6Linguist.pc
2026-03-13 21:52:25,059 - aqt.updater - INFO - updater 132380943265792 Patching /home/davide/.local/qt/6.4.2/gcc_64/lib/pkgconfig/Qt6QmlXmlListModel.pc
2026-03-13 21:52:25,059 - aqt.updater - INFO - updater 132380943265792 Patching /home/davide/.local/qt/6.4.2/gcc_64/lib/pkgconfig/Qt6WebSockets.pc
2026-03-13 21:52:25,059 - aqt.updater - INFO - updater 132380943265792 Patching /home/davide/.local/qt/6.4.2/gcc_64/lib/pkgconfig/Qt63DQuick.pc
2026-03-13 21:52:25,059 - aqt.updater - INFO - updater 132380943265792 Patching /home/davide/.local/qt/6.4.2/gcc_64/lib/pkgconfig/Qt6Help.pc
2026-03-13 21:52:25,059 - aqt.updater - INFO - updater 132380943265792 Patching /home/davide/.local/qt/6.4.2/gcc_64/lib/pkgconfig/Qt6QmlCore.pc
2026-03-13 21:52:25,060 - aqt.updater - INFO - updater 132380943265792 Patching /home/davide/.local/qt/6.4.2/gcc_64/lib/libQt6QuickDialogs2QuickImpl.prl
2026-03-13 21:52:25,060 - aqt.updater - INFO - updater 132380943265792 Patching /home/davide/.local/qt/6.4.2/gcc_64/lib/libQt6WebSockets.prl
2026-03-13 21:52:25,060 - aqt.updater - INFO - updater 132380943265792 Patching /home/davide/.local/qt/6.4.2/gcc_64/lib/libQt6Xml.prl
2026-03-13 21:52:25,060 - aqt.updater - INFO - updater 132380943265792 Patching /home/davide/.local/qt/6.4.2/gcc_64/lib/libQt6FbSupport.prl
2026-03-13 21:52:25,060 - aqt.updater - INFO - updater 132380943265792 Patching /home/davide/.local/qt/6.4.2/gcc_64/lib/libQt6LabsAnimation.prl
2026-03-13 21:52:25,060 - aqt.updater - INFO - updater 132380943265792 Patching /home/davide/.local/qt/6.4.2/gcc_64/lib/libQt63DQuickScene2D.prl
2026-03-13 21:52:25,060 - aqt.updater - INFO - updater 132380943265792 Patching /home/davide/.local/qt/6.4.2/gcc_64/lib/libQt6PacketProtocol.prl
2026-03-13 21:52:25,060 - aqt.updater - INFO - updater 132380943265792 Patching /home/davide/.local/qt/6.4.2/gcc_64/lib/libQt6OpenGLWidgets.prl
2026-03-13 21:52:25,060 - aqt.updater - INFO - updater 132380943265792 Patching /home/davide/.local/qt/6.4.2/gcc_64/lib/libQt6InputSupport.prl
2026-03-13 21:52:25,061 - aqt.updater - INFO - updater 132380943265792 Patching /home/davide/.local/qt/6.4.2/gcc_64/lib/libQt63DQuickExtras.prl
2026-03-13 21:52:25,061 - aqt.updater - INFO - updater 132380943265792 Patching /home/davide/.local/qt/6.4.2/gcc_64/lib/libQt6QmlCompiler.prl
2026-03-13 21:52:25,061 - aqt.updater - INFO - updater 132380943265792 Patching /home/davide/.local/qt/6.4.2/gcc_64/lib/libQt6QuickDialogs2.prl
2026-03-13 21:52:25,061 - aqt.updater - INFO - updater 132380943265792 Patching /home/davide/.local/qt/6.4.2/gcc_64/lib/libQt6LabsSharedImage.prl
2026-03-13 21:52:25,061 - aqt.updater - INFO - updater 132380943265792 Patching /home/davide/.local/qt/6.4.2/gcc_64/lib/libQt6QuickDialogs2Utils.prl
2026-03-13 21:52:25,061 - aqt.updater - INFO - updater 132380943265792 Patching /home/davide/.local/qt/6.4.2/gcc_64/lib/libQt6Gui.prl
2026-03-13 21:52:25,061 - aqt.updater - INFO - updater 132380943265792 Patching /home/davide/.local/qt/6.4.2/gcc_64/lib/libQt6Designer.prl
2026-03-13 21:52:25,061 - aqt.updater - INFO - updater 132380943265792 Patching /home/davide/.local/qt/6.4.2/gcc_64/lib/libQt6DesignerComponents.prl
2026-03-13 21:52:25,061 - aqt.updater - INFO - updater 132380943265792 Patching /home/davide/.local/qt/6.4.2/gcc_64/lib/libQt6WaylandEglClientHwIntegration.prl
2026-03-13 21:52:25,061 - aqt.updater - INFO - updater 132380943265792 Patching /home/davide/.local/qt/6.4.2/gcc_64/lib/libQt6WaylandClient.prl
2026-03-13 21:52:25,061 - aqt.updater - INFO - updater 132380943265792 Patching /home/davide/.local/qt/6.4.2/gcc_64/lib/libQt6EglFSDeviceIntegration.prl
2026-03-13 21:52:25,061 - aqt.updater - INFO - updater 132380943265792 Patching /home/davide/.local/qt/6.4.2/gcc_64/lib/libQt6Widgets.prl
2026-03-13 21:52:25,061 - aqt.updater - INFO - updater 132380943265792 Patching /home/davide/.local/qt/6.4.2/gcc_64/lib/libQt6QuickControlsTestUtils.prl
2026-03-13 21:52:25,061 - aqt.updater - INFO - updater 132380943265792 Patching /home/davide/.local/qt/6.4.2/gcc_64/lib/libQt6Help.prl
2026-03-13 21:52:25,061 - aqt.updater - INFO - updater 132380943265792 Patching /home/davide/.local/qt/6.4.2/gcc_64/lib/libQt6Qml.prl
2026-03-13 21:52:25,061 - aqt.updater - INFO - updater 132380943265792 Patching /home/davide/.local/qt/6.4.2/gcc_64/lib/libQt6DeviceDiscoverySupport.prl
2026-03-13 21:52:25,061 - aqt.updater - INFO - updater 132380943265792 Patching /home/davide/.local/qt/6.4.2/gcc_64/lib/libQt6QuickControls2Impl.prl
2026-03-13 21:52:25,061 - aqt.updater - INFO - updater 132380943265792 Patching /home/davide/.local/qt/6.4.2/gcc_64/lib/libQt6QmlXmlListModel.prl
2026-03-13 21:52:25,061 - aqt.updater - INFO - updater 132380943265792 Patching /home/davide/.local/qt/6.4.2/gcc_64/lib/libQt6QmlCore.prl
2026-03-13 21:52:25,061 - aqt.updater - INFO - updater 132380943265792 Patching /home/davide/.local/qt/6.4.2/gcc_64/lib/libQt6LabsSettings.prl
2026-03-13 21:52:25,062 - aqt.updater - INFO - updater 132380943265792 Patching /home/davide/.local/qt/6.4.2/gcc_64/lib/libQt6EglFsKmsSupport.prl
2026-03-13 21:52:25,062 - aqt.updater - INFO - updater 132380943265792 Patching /home/davide/.local/qt/6.4.2/gcc_64/lib/libQt6QuickTemplates2.prl
2026-03-13 21:52:25,062 - aqt.updater - INFO - updater 132380943265792 Patching /home/davide/.local/qt/6.4.2/gcc_64/lib/libQt6OpenGL.prl
2026-03-13 21:52:25,062 - aqt.updater - INFO - updater 132380943265792 Patching /home/davide/.local/qt/6.4.2/gcc_64/lib/libQt6QuickShapes.prl
2026-03-13 21:52:25,062 - aqt.updater - INFO - updater 132380943265792 Patching /home/davide/.local/qt/6.4.2/gcc_64/lib/libQt6Quick.prl
2026-03-13 21:52:25,062 - aqt.updater - INFO - updater 132380943265792 Patching /home/davide/.local/qt/6.4.2/gcc_64/lib/libQt6LabsQmlModels.prl
2026-03-13 21:52:25,062 - aqt.updater - INFO - updater 132380943265792 Patching /home/davide/.local/qt/6.4.2/gcc_64/lib/libQt6DBus.prl
2026-03-13 21:52:25,062 - aqt.updater - INFO - updater 132380943265792 Patching /home/davide/.local/qt/6.4.2/gcc_64/lib/libQt6SvgWidgets.prl
2026-03-13 21:52:25,062 - aqt.updater - INFO - updater 132380943265792 Patching /home/davide/.local/qt/6.4.2/gcc_64/lib/libQt6PrintSupport.prl
2026-03-13 21:52:25,062 - aqt.updater - INFO - updater 132380943265792 Patching /home/davide/.local/qt/6.4.2/gcc_64/lib/libQt6Sql.prl
2026-03-13 21:52:25,062 - aqt.updater - INFO - updater 132380943265792 Patching /home/davide/.local/qt/6.4.2/gcc_64/lib/libQt63DQuick.prl
2026-03-13 21:52:25,062 - aqt.updater - INFO - updater 132380943265792 Patching /home/davide/.local/qt/6.4.2/gcc_64/lib/libQt6Core.prl
2026-03-13 21:52:25,062 - aqt.updater - INFO - updater 132380943265792 Patching /home/davide/.local/qt/6.4.2/gcc_64/lib/libQt6QmlDom.prl
2026-03-13 21:52:25,062 - aqt.updater - INFO - updater 132380943265792 Patching /home/davide/.local/qt/6.4.2/gcc_64/lib/libQt6WlShellIntegration.prl
2026-03-13 21:52:25,062 - aqt.updater - INFO - updater 132380943265792 Patching /home/davide/.local/qt/6.4.2/gcc_64/lib/libQt6ChartsQml.prl
2026-03-13 21:52:25,062 - aqt.updater - INFO - updater 132380943265792 Patching /home/davide/.local/qt/6.4.2/gcc_64/lib/libQt6LabsWavefrontMesh.prl
2026-03-13 21:52:25,062 - aqt.updater - INFO - updater 132380943265792 Patching /home/davide/.local/qt/6.4.2/gcc_64/lib/libQt6QmlDebug.prl
2026-03-13 21:52:25,062 - aqt.updater - INFO - updater 132380943265792 Patching /home/davide/.local/qt/6.4.2/gcc_64/lib/libQt6QuickLayouts.prl
2026-03-13 21:52:25,062 - aqt.updater - INFO - updater 132380943265792 Patching /home/davide/.local/qt/6.4.2/gcc_64/lib/libQt6UiTools.prl
2026-03-13 21:52:25,062 - aqt.updater - INFO - updater 132380943265792 Patching /home/davide/.local/qt/6.4.2/gcc_64/lib/libQt6Svg.prl
2026-03-13 21:52:25,062 - aqt.updater - INFO - updater 132380943265792 Patching /home/davide/.local/qt/6.4.2/gcc_64/lib/libQt6QmlModels.prl
2026-03-13 21:52:25,063 - aqt.updater - INFO - updater 132380943265792 Patching /home/davide/.local/qt/6.4.2/gcc_64/lib/libQt6LabsFolderListModel.prl
2026-03-13 21:52:25,063 - aqt.updater - INFO - updater 132380943265792 Patching /home/davide/.local/qt/6.4.2/gcc_64/lib/libQt6Network.prl
2026-03-13 21:52:25,063 - aqt.updater - INFO - updater 132380943265792 Patching /home/davide/.local/qt/6.4.2/gcc_64/lib/libQt6QmlLocalStorage.prl
2026-03-13 21:52:25,063 - aqt.updater - INFO - updater 132380943265792 Patching /home/davide/.local/qt/6.4.2/gcc_64/lib/libQt6Concurrent.prl
2026-03-13 21:52:25,063 - aqt.updater - INFO - updater 132380943265792 Patching /home/davide/.local/qt/6.4.2/gcc_64/lib/libQt63DRender.prl
2026-03-13 21:52:25,063 - aqt.updater - INFO - updater 132380943265792 Patching /home/davide/.local/qt/6.4.2/gcc_64/lib/libQt6QuickTest.prl
2026-03-13 21:52:25,063 - aqt.updater - INFO - updater 132380943265792 Patching /home/davide/.local/qt/6.4.2/gcc_64/lib/libQt63DQuickRender.prl
2026-03-13 21:52:25,063 - aqt.updater - INFO - updater 132380943265792 Patching /home/davide/.local/qt/6.4.2/gcc_64/lib/libQt63DAnimation.prl
2026-03-13 21:52:25,063 - aqt.updater - INFO - updater 132380943265792 Patching /home/davide/.local/qt/6.4.2/gcc_64/lib/libQt6KmsSupport.prl
2026-03-13 21:52:25,063 - aqt.updater - INFO - updater 132380943265792 Patching /home/davide/.local/qt/6.4.2/gcc_64/lib/libQt6Test.prl
2026-03-13 21:52:25,063 - aqt.updater - INFO - updater 132380943265792 Patching /home/davide/.local/qt/6.4.2/gcc_64/lib/libQt63DExtras.prl
2026-03-13 21:52:25,063 - aqt.updater - INFO - updater 132380943265792 Patching /home/davide/.local/qt/6.4.2/gcc_64/lib/libQt63DInput.prl
2026-03-13 21:52:25,063 - aqt.updater - INFO - updater 132380943265792 Patching /home/davide/.local/qt/6.4.2/gcc_64/lib/libQt6XcbQpa.prl
2026-03-13 21:52:25,063 - aqt.updater - INFO - updater 132380943265792 Patching /home/davide/.local/qt/6.4.2/gcc_64/lib/libQt63DLogic.prl
2026-03-13 21:52:25,064 - aqt.updater - INFO - updater 132380943265792 Patching /home/davide/.local/qt/6.4.2/gcc_64/lib/libQt6QuickControls2.prl
2026-03-13 21:52:25,064 - aqt.updater - INFO - updater 132380943265792 Patching /home/davide/.local/qt/6.4.2/gcc_64/lib/libQt63DCore.prl
2026-03-13 21:52:25,064 - aqt.updater - INFO - updater 132380943265792 Patching /home/davide/.local/qt/6.4.2/gcc_64/lib/libQt6Charts.prl
2026-03-13 21:52:25,064 - aqt.updater - INFO - updater 132380943265792 Patching /home/davide/.local/qt/6.4.2/gcc_64/lib/libQt6QuickWidgets.prl
2026-03-13 21:52:25,064 - aqt.updater - INFO - updater 132380943265792 Patching /home/davide/.local/qt/6.4.2/gcc_64/lib/libQt63DQuickAnimation.prl
2026-03-13 21:52:25,064 - aqt.updater - INFO - updater 132380943265792 Patching /home/davide/.local/qt/6.4.2/gcc_64/lib/libQt63DQuickInput.prl
2026-03-13 21:52:25,064 - aqt.updater - INFO - updater 132380943265792 Patching /home/davide/.local/qt/6.4.2/gcc_64/lib/libQt6QmlWorkerScript.prl
2026-03-13 21:52:25,064 - aqt.updater - INFO - updater 132380943265792 Patching /home/davide/.local/qt/6.4.2/gcc_64/lib/libQt6QuickParticles.prl
2026-03-13 21:52:25,064 - aqt.updater - INFO - updater 132380943265792 Patching /home/davide/.local/qt/6.4.2/gcc_64/lib/libQt6QuickTestUtils.prl
2026-03-13 21:52:25,064 - aqt.main - INFO - installer 132380943265792 Finished installation
2026-03-13 21:52:25,064 - aqt.main - INFO - installer 132380943265792 Time elapsed: 6.94000341 second
